<?xml version="1.0" encoding="UTF-8"?>
<!-- Generated by org.testng.reporters.JUnitReportReporter -->
<testsuite hostname="ClassRoom-101" failures="0" tests="2" name="launch_browser.sample" time="0.028" errors="0" timestamp="2024-01-03T12:24:19 IST" skipped="0">
  <testcase classname="launch_browser.sample" name="run" time="0.019"/>
  <testcase classname="launch_browser.sample" name="runner" time="0.009"/>
</testsuite> <!-- launch_browser.sample -->
